# oracle sweep: interpreter/wasm (wg-2.0 fffc6e12, OCaml 5.2.1) over test/core full corpus, 2026-07-17T16:14:02Z
rc=0 test/core/address.wast
rc=0 test/core/align.wast
rc=0 test/core/binary-leb128.wast
rc=0 test/core/binary.wast
rc=0 test/core/block.wast
rc=0 test/core/br.wast
rc=0 test/core/br_if.wast
rc=0 test/core/br_table.wast
rc=0 test/core/bulk.wast
rc=0 test/core/call.wast
rc=0 test/core/call_indirect.wast
rc=0 test/core/comments.wast
rc=0 test/core/const.wast
rc=0 test/core/conversions.wast
rc=0 test/core/custom.wast
rc=0 test/core/data.wast
rc=0 test/core/elem.wast
rc=0 test/core/endianness.wast
rc=0 test/core/exports.wast
rc=0 test/core/f32.wast
rc=0 test/core/f32_bitwise.wast
rc=0 test/core/f32_cmp.wast
rc=0 test/core/f64.wast
rc=0 test/core/f64_bitwise.wast
rc=0 test/core/f64_cmp.wast
rc=0 test/core/fac.wast
rc=0 test/core/float_exprs.wast
rc=0 test/core/float_literals.wast
rc=0 test/core/float_memory.wast
rc=0 test/core/float_misc.wast
rc=0 test/core/forward.wast
rc=0 test/core/func.wast
rc=0 test/core/func_ptrs.wast
rc=0 test/core/global.wast
rc=0 test/core/i32.wast
rc=0 test/core/i64.wast
rc=0 test/core/if.wast
rc=0 test/core/imports.wast
rc=0 test/core/inline-module.wast
rc=0 test/core/int_exprs.wast
rc=0 test/core/int_literals.wast
rc=0 test/core/labels.wast
rc=0 test/core/left-to-right.wast
rc=0 test/core/linking.wast
rc=0 test/core/load.wast
rc=0 test/core/local_get.wast
rc=0 test/core/local_set.wast
rc=0 test/core/local_tee.wast
rc=0 test/core/loop.wast
rc=0 test/core/memory.wast
rc=0 test/core/memory_copy.wast
rc=0 test/core/memory_fill.wast
rc=0 test/core/memory_grow.wast
rc=0 test/core/memory_init.wast
rc=0 test/core/memory_redundancy.wast
rc=0 test/core/memory_size.wast
rc=0 test/core/memory_trap.wast
rc=0 test/core/names.wast
rc=0 test/core/nop.wast
rc=0 test/core/obsolete-keywords.wast
rc=0 test/core/ref_func.wast
rc=0 test/core/ref_is_null.wast
rc=0 test/core/ref_null.wast
rc=0 test/core/return.wast
rc=0 test/core/select.wast
rc=0 test/core/skip-stack-guard-page.wast
rc=0 test/core/stack.wast
rc=0 test/core/start.wast
rc=0 test/core/store.wast
rc=0 test/core/switch.wast
rc=0 test/core/table-sub.wast
rc=0 test/core/table.wast
rc=0 test/core/table_copy.wast
rc=0 test/core/table_fill.wast
rc=0 test/core/table_get.wast
rc=0 test/core/table_grow.wast
rc=0 test/core/table_init.wast
rc=0 test/core/table_set.wast
rc=0 test/core/table_size.wast
rc=0 test/core/token.wast
rc=0 test/core/traps.wast
rc=0 test/core/type.wast
rc=0 test/core/unreachable.wast
rc=0 test/core/unreached-invalid.wast
rc=0 test/core/unreached-valid.wast
rc=0 test/core/unwind.wast
rc=0 test/core/utf8-custom-section-id.wast
rc=0 test/core/utf8-import-field.wast
rc=0 test/core/utf8-import-module.wast
rc=0 test/core/utf8-invalid-encoding.wast
rc=0 test/core/simd/simd_address.wast
rc=0 test/core/simd/simd_align.wast
rc=0 test/core/simd/simd_bit_shift.wast
rc=0 test/core/simd/simd_bitwise.wast
rc=0 test/core/simd/simd_boolean.wast
rc=0 test/core/simd/simd_const.wast
rc=0 test/core/simd/simd_conversions.wast
rc=0 test/core/simd/simd_f32x4.wast
rc=0 test/core/simd/simd_f32x4_arith.wast
rc=0 test/core/simd/simd_f32x4_cmp.wast
rc=0 test/core/simd/simd_f32x4_pmin_pmax.wast
rc=0 test/core/simd/simd_f32x4_rounding.wast
rc=0 test/core/simd/simd_f64x2.wast
rc=0 test/core/simd/simd_f64x2_arith.wast
rc=0 test/core/simd/simd_f64x2_cmp.wast
rc=0 test/core/simd/simd_f64x2_pmin_pmax.wast
rc=0 test/core/simd/simd_f64x2_rounding.wast
rc=0 test/core/simd/simd_i16x8_arith.wast
rc=0 test/core/simd/simd_i16x8_arith2.wast
rc=0 test/core/simd/simd_i16x8_cmp.wast
rc=0 test/core/simd/simd_i16x8_extadd_pairwise_i8x16.wast
rc=0 test/core/simd/simd_i16x8_extmul_i8x16.wast
rc=0 test/core/simd/simd_i16x8_q15mulr_sat_s.wast
rc=0 test/core/simd/simd_i16x8_sat_arith.wast
rc=0 test/core/simd/simd_i32x4_arith.wast
rc=0 test/core/simd/simd_i32x4_arith2.wast
rc=0 test/core/simd/simd_i32x4_cmp.wast
rc=0 test/core/simd/simd_i32x4_dot_i16x8.wast
rc=0 test/core/simd/simd_i32x4_extadd_pairwise_i16x8.wast
rc=0 test/core/simd/simd_i32x4_extmul_i16x8.wast
rc=0 test/core/simd/simd_i32x4_trunc_sat_f32x4.wast
rc=0 test/core/simd/simd_i32x4_trunc_sat_f64x2.wast
rc=0 test/core/simd/simd_i64x2_arith.wast
rc=0 test/core/simd/simd_i64x2_arith2.wast
rc=0 test/core/simd/simd_i64x2_cmp.wast
rc=0 test/core/simd/simd_i64x2_extmul_i32x4.wast
rc=0 test/core/simd/simd_i8x16_arith.wast
rc=0 test/core/simd/simd_i8x16_arith2.wast
rc=0 test/core/simd/simd_i8x16_cmp.wast
rc=0 test/core/simd/simd_i8x16_sat_arith.wast
rc=0 test/core/simd/simd_int_to_int_extend.wast
rc=0 test/core/simd/simd_lane.wast
rc=0 test/core/simd/simd_linking.wast
rc=0 test/core/simd/simd_load.wast
rc=0 test/core/simd/simd_load16_lane.wast
rc=0 test/core/simd/simd_load32_lane.wast
rc=0 test/core/simd/simd_load64_lane.wast
rc=0 test/core/simd/simd_load8_lane.wast
rc=0 test/core/simd/simd_load_extend.wast
rc=0 test/core/simd/simd_load_splat.wast
rc=0 test/core/simd/simd_load_zero.wast
rc=0 test/core/simd/simd_select.wast
rc=0 test/core/simd/simd_splat.wast
rc=0 test/core/simd/simd_store.wast
rc=0 test/core/simd/simd_store16_lane.wast
rc=0 test/core/simd/simd_store32_lane.wast
rc=0 test/core/simd/simd_store64_lane.wast
rc=0 test/core/simd/simd_store8_lane.wast
SUMMARY pass=148 fail=0
