# wast2json sweep: WABT 1.0.41 (windows-x64, sha256 37285ec7...) over wg-2.0 test/core, 2026-07-17T16:14:06Z
rc=0 third_party/spec/test/core/address.wast -> build/wast-json/address.json
rc=0 third_party/spec/test/core/align.wast -> build/wast-json/align.json
rc=0 third_party/spec/test/core/binary-leb128.wast -> build/wast-json/binary-leb128.json
rc=0 third_party/spec/test/core/binary.wast -> build/wast-json/binary.json
rc=0 third_party/spec/test/core/block.wast -> build/wast-json/block.json
rc=0 third_party/spec/test/core/br.wast -> build/wast-json/br.json
rc=0 third_party/spec/test/core/br_if.wast -> build/wast-json/br_if.json
rc=0 third_party/spec/test/core/br_table.wast -> build/wast-json/br_table.json
rc=0 third_party/spec/test/core/bulk.wast -> build/wast-json/bulk.json
rc=0 third_party/spec/test/core/call.wast -> build/wast-json/call.json
rc=0 third_party/spec/test/core/call_indirect.wast -> build/wast-json/call_indirect.json
rc=0 third_party/spec/test/core/comments.wast -> build/wast-json/comments.json
rc=0 third_party/spec/test/core/const.wast -> build/wast-json/const.json
rc=0 third_party/spec/test/core/conversions.wast -> build/wast-json/conversions.json
rc=0 third_party/spec/test/core/custom.wast -> build/wast-json/custom.json
rc=0 third_party/spec/test/core/data.wast -> build/wast-json/data.json
rc=0 third_party/spec/test/core/elem.wast -> build/wast-json/elem.json
rc=0 third_party/spec/test/core/endianness.wast -> build/wast-json/endianness.json
rc=0 third_party/spec/test/core/exports.wast -> build/wast-json/exports.json
rc=0 third_party/spec/test/core/f32.wast -> build/wast-json/f32.json
rc=0 third_party/spec/test/core/f32_bitwise.wast -> build/wast-json/f32_bitwise.json
rc=0 third_party/spec/test/core/f32_cmp.wast -> build/wast-json/f32_cmp.json
rc=0 third_party/spec/test/core/f64.wast -> build/wast-json/f64.json
rc=0 third_party/spec/test/core/f64_bitwise.wast -> build/wast-json/f64_bitwise.json
rc=0 third_party/spec/test/core/f64_cmp.wast -> build/wast-json/f64_cmp.json
rc=0 third_party/spec/test/core/fac.wast -> build/wast-json/fac.json
rc=0 third_party/spec/test/core/float_exprs.wast -> build/wast-json/float_exprs.json
rc=0 third_party/spec/test/core/float_literals.wast -> build/wast-json/float_literals.json
rc=0 third_party/spec/test/core/float_memory.wast -> build/wast-json/float_memory.json
rc=0 third_party/spec/test/core/float_misc.wast -> build/wast-json/float_misc.json
rc=0 third_party/spec/test/core/forward.wast -> build/wast-json/forward.json
rc=0 third_party/spec/test/core/func.wast -> build/wast-json/func.json
rc=0 third_party/spec/test/core/func_ptrs.wast -> build/wast-json/func_ptrs.json
rc=0 third_party/spec/test/core/global.wast -> build/wast-json/global.json
rc=0 third_party/spec/test/core/i32.wast -> build/wast-json/i32.json
rc=0 third_party/spec/test/core/i64.wast -> build/wast-json/i64.json
rc=0 third_party/spec/test/core/if.wast -> build/wast-json/if.json
rc=0 third_party/spec/test/core/imports.wast -> build/wast-json/imports.json
rc=0 third_party/spec/test/core/inline-module.wast -> build/wast-json/inline-module.json
rc=0 third_party/spec/test/core/int_exprs.wast -> build/wast-json/int_exprs.json
rc=0 third_party/spec/test/core/int_literals.wast -> build/wast-json/int_literals.json
rc=0 third_party/spec/test/core/labels.wast -> build/wast-json/labels.json
rc=0 third_party/spec/test/core/left-to-right.wast -> build/wast-json/left-to-right.json
rc=0 third_party/spec/test/core/linking.wast -> build/wast-json/linking.json
rc=0 third_party/spec/test/core/load.wast -> build/wast-json/load.json
rc=0 third_party/spec/test/core/local_get.wast -> build/wast-json/local_get.json
rc=0 third_party/spec/test/core/local_set.wast -> build/wast-json/local_set.json
rc=0 third_party/spec/test/core/local_tee.wast -> build/wast-json/local_tee.json
rc=0 third_party/spec/test/core/loop.wast -> build/wast-json/loop.json
rc=0 third_party/spec/test/core/memory.wast -> build/wast-json/memory.json
rc=0 third_party/spec/test/core/memory_copy.wast -> build/wast-json/memory_copy.json
rc=0 third_party/spec/test/core/memory_fill.wast -> build/wast-json/memory_fill.json
rc=0 third_party/spec/test/core/memory_grow.wast -> build/wast-json/memory_grow.json
rc=0 third_party/spec/test/core/memory_init.wast -> build/wast-json/memory_init.json
rc=0 third_party/spec/test/core/memory_redundancy.wast -> build/wast-json/memory_redundancy.json
rc=0 third_party/spec/test/core/memory_size.wast -> build/wast-json/memory_size.json
rc=0 third_party/spec/test/core/memory_trap.wast -> build/wast-json/memory_trap.json
rc=0 third_party/spec/test/core/names.wast -> build/wast-json/names.json
rc=0 third_party/spec/test/core/nop.wast -> build/wast-json/nop.json
rc=0 third_party/spec/test/core/obsolete-keywords.wast -> build/wast-json/obsolete-keywords.json
rc=0 third_party/spec/test/core/ref_func.wast -> build/wast-json/ref_func.json
rc=0 third_party/spec/test/core/ref_is_null.wast -> build/wast-json/ref_is_null.json
rc=0 third_party/spec/test/core/ref_null.wast -> build/wast-json/ref_null.json
rc=0 third_party/spec/test/core/return.wast -> build/wast-json/return.json
rc=0 third_party/spec/test/core/select.wast -> build/wast-json/select.json
rc=0 third_party/spec/test/core/skip-stack-guard-page.wast -> build/wast-json/skip-stack-guard-page.json
rc=0 third_party/spec/test/core/stack.wast -> build/wast-json/stack.json
rc=0 third_party/spec/test/core/start.wast -> build/wast-json/start.json
rc=0 third_party/spec/test/core/store.wast -> build/wast-json/store.json
rc=0 third_party/spec/test/core/switch.wast -> build/wast-json/switch.json
rc=0 third_party/spec/test/core/table-sub.wast -> build/wast-json/table-sub.json
rc=0 third_party/spec/test/core/table.wast -> build/wast-json/table.json
rc=0 third_party/spec/test/core/table_copy.wast -> build/wast-json/table_copy.json
rc=0 third_party/spec/test/core/table_fill.wast -> build/wast-json/table_fill.json
rc=0 third_party/spec/test/core/table_get.wast -> build/wast-json/table_get.json
rc=0 third_party/spec/test/core/table_grow.wast -> build/wast-json/table_grow.json
rc=0 third_party/spec/test/core/table_init.wast -> build/wast-json/table_init.json
rc=0 third_party/spec/test/core/table_set.wast -> build/wast-json/table_set.json
rc=0 third_party/spec/test/core/table_size.wast -> build/wast-json/table_size.json
rc=0 third_party/spec/test/core/token.wast -> build/wast-json/token.json
rc=0 third_party/spec/test/core/traps.wast -> build/wast-json/traps.json
rc=0 third_party/spec/test/core/type.wast -> build/wast-json/type.json
rc=0 third_party/spec/test/core/unreachable.wast -> build/wast-json/unreachable.json
rc=0 third_party/spec/test/core/unreached-invalid.wast -> build/wast-json/unreached-invalid.json
rc=0 third_party/spec/test/core/unreached-valid.wast -> build/wast-json/unreached-valid.json
rc=0 third_party/spec/test/core/unwind.wast -> build/wast-json/unwind.json
rc=0 third_party/spec/test/core/utf8-custom-section-id.wast -> build/wast-json/utf8-custom-section-id.json
rc=0 third_party/spec/test/core/utf8-import-field.wast -> build/wast-json/utf8-import-field.json
rc=0 third_party/spec/test/core/utf8-import-module.wast -> build/wast-json/utf8-import-module.json
rc=0 third_party/spec/test/core/utf8-invalid-encoding.wast -> build/wast-json/utf8-invalid-encoding.json
rc=0 third_party/spec/test/core/simd/simd_address.wast -> build/wast-json/simd_simd_address.json
rc=0 third_party/spec/test/core/simd/simd_align.wast -> build/wast-json/simd_simd_align.json
rc=0 third_party/spec/test/core/simd/simd_bit_shift.wast -> build/wast-json/simd_simd_bit_shift.json
rc=0 third_party/spec/test/core/simd/simd_bitwise.wast -> build/wast-json/simd_simd_bitwise.json
rc=0 third_party/spec/test/core/simd/simd_boolean.wast -> build/wast-json/simd_simd_boolean.json
rc=0 third_party/spec/test/core/simd/simd_const.wast -> build/wast-json/simd_simd_const.json
rc=0 third_party/spec/test/core/simd/simd_conversions.wast -> build/wast-json/simd_simd_conversions.json
rc=0 third_party/spec/test/core/simd/simd_f32x4.wast -> build/wast-json/simd_simd_f32x4.json
rc=0 third_party/spec/test/core/simd/simd_f32x4_arith.wast -> build/wast-json/simd_simd_f32x4_arith.json
rc=0 third_party/spec/test/core/simd/simd_f32x4_cmp.wast -> build/wast-json/simd_simd_f32x4_cmp.json
rc=0 third_party/spec/test/core/simd/simd_f32x4_pmin_pmax.wast -> build/wast-json/simd_simd_f32x4_pmin_pmax.json
rc=0 third_party/spec/test/core/simd/simd_f32x4_rounding.wast -> build/wast-json/simd_simd_f32x4_rounding.json
rc=0 third_party/spec/test/core/simd/simd_f64x2.wast -> build/wast-json/simd_simd_f64x2.json
rc=0 third_party/spec/test/core/simd/simd_f64x2_arith.wast -> build/wast-json/simd_simd_f64x2_arith.json
rc=0 third_party/spec/test/core/simd/simd_f64x2_cmp.wast -> build/wast-json/simd_simd_f64x2_cmp.json
rc=0 third_party/spec/test/core/simd/simd_f64x2_pmin_pmax.wast -> build/wast-json/simd_simd_f64x2_pmin_pmax.json
rc=0 third_party/spec/test/core/simd/simd_f64x2_rounding.wast -> build/wast-json/simd_simd_f64x2_rounding.json
rc=0 third_party/spec/test/core/simd/simd_i16x8_arith.wast -> build/wast-json/simd_simd_i16x8_arith.json
rc=0 third_party/spec/test/core/simd/simd_i16x8_arith2.wast -> build/wast-json/simd_simd_i16x8_arith2.json
rc=0 third_party/spec/test/core/simd/simd_i16x8_cmp.wast -> build/wast-json/simd_simd_i16x8_cmp.json
rc=0 third_party/spec/test/core/simd/simd_i16x8_extadd_pairwise_i8x16.wast -> build/wast-json/simd_simd_i16x8_extadd_pairwise_i8x16.json
rc=0 third_party/spec/test/core/simd/simd_i16x8_extmul_i8x16.wast -> build/wast-json/simd_simd_i16x8_extmul_i8x16.json
rc=0 third_party/spec/test/core/simd/simd_i16x8_q15mulr_sat_s.wast -> build/wast-json/simd_simd_i16x8_q15mulr_sat_s.json
rc=0 third_party/spec/test/core/simd/simd_i16x8_sat_arith.wast -> build/wast-json/simd_simd_i16x8_sat_arith.json
rc=0 third_party/spec/test/core/simd/simd_i32x4_arith.wast -> build/wast-json/simd_simd_i32x4_arith.json
rc=0 third_party/spec/test/core/simd/simd_i32x4_arith2.wast -> build/wast-json/simd_simd_i32x4_arith2.json
rc=0 third_party/spec/test/core/simd/simd_i32x4_cmp.wast -> build/wast-json/simd_simd_i32x4_cmp.json
rc=0 third_party/spec/test/core/simd/simd_i32x4_dot_i16x8.wast -> build/wast-json/simd_simd_i32x4_dot_i16x8.json
rc=0 third_party/spec/test/core/simd/simd_i32x4_extadd_pairwise_i16x8.wast -> build/wast-json/simd_simd_i32x4_extadd_pairwise_i16x8.json
rc=0 third_party/spec/test/core/simd/simd_i32x4_extmul_i16x8.wast -> build/wast-json/simd_simd_i32x4_extmul_i16x8.json
rc=0 third_party/spec/test/core/simd/simd_i32x4_trunc_sat_f32x4.wast -> build/wast-json/simd_simd_i32x4_trunc_sat_f32x4.json
rc=0 third_party/spec/test/core/simd/simd_i32x4_trunc_sat_f64x2.wast -> build/wast-json/simd_simd_i32x4_trunc_sat_f64x2.json
rc=0 third_party/spec/test/core/simd/simd_i64x2_arith.wast -> build/wast-json/simd_simd_i64x2_arith.json
rc=0 third_party/spec/test/core/simd/simd_i64x2_arith2.wast -> build/wast-json/simd_simd_i64x2_arith2.json
rc=0 third_party/spec/test/core/simd/simd_i64x2_cmp.wast -> build/wast-json/simd_simd_i64x2_cmp.json
rc=0 third_party/spec/test/core/simd/simd_i64x2_extmul_i32x4.wast -> build/wast-json/simd_simd_i64x2_extmul_i32x4.json
rc=0 third_party/spec/test/core/simd/simd_i8x16_arith.wast -> build/wast-json/simd_simd_i8x16_arith.json
rc=0 third_party/spec/test/core/simd/simd_i8x16_arith2.wast -> build/wast-json/simd_simd_i8x16_arith2.json
rc=0 third_party/spec/test/core/simd/simd_i8x16_cmp.wast -> build/wast-json/simd_simd_i8x16_cmp.json
rc=0 third_party/spec/test/core/simd/simd_i8x16_sat_arith.wast -> build/wast-json/simd_simd_i8x16_sat_arith.json
rc=0 third_party/spec/test/core/simd/simd_int_to_int_extend.wast -> build/wast-json/simd_simd_int_to_int_extend.json
rc=0 third_party/spec/test/core/simd/simd_lane.wast -> build/wast-json/simd_simd_lane.json
rc=0 third_party/spec/test/core/simd/simd_linking.wast -> build/wast-json/simd_simd_linking.json
rc=0 third_party/spec/test/core/simd/simd_load.wast -> build/wast-json/simd_simd_load.json
rc=0 third_party/spec/test/core/simd/simd_load16_lane.wast -> build/wast-json/simd_simd_load16_lane.json
rc=0 third_party/spec/test/core/simd/simd_load32_lane.wast -> build/wast-json/simd_simd_load32_lane.json
rc=0 third_party/spec/test/core/simd/simd_load64_lane.wast -> build/wast-json/simd_simd_load64_lane.json
rc=0 third_party/spec/test/core/simd/simd_load8_lane.wast -> build/wast-json/simd_simd_load8_lane.json
rc=0 third_party/spec/test/core/simd/simd_load_extend.wast -> build/wast-json/simd_simd_load_extend.json
rc=0 third_party/spec/test/core/simd/simd_load_splat.wast -> build/wast-json/simd_simd_load_splat.json
rc=0 third_party/spec/test/core/simd/simd_load_zero.wast -> build/wast-json/simd_simd_load_zero.json
rc=0 third_party/spec/test/core/simd/simd_select.wast -> build/wast-json/simd_simd_select.json
rc=0 third_party/spec/test/core/simd/simd_splat.wast -> build/wast-json/simd_simd_splat.json
rc=0 third_party/spec/test/core/simd/simd_store.wast -> build/wast-json/simd_simd_store.json
rc=0 third_party/spec/test/core/simd/simd_store16_lane.wast -> build/wast-json/simd_simd_store16_lane.json
rc=0 third_party/spec/test/core/simd/simd_store32_lane.wast -> build/wast-json/simd_simd_store32_lane.json
rc=0 third_party/spec/test/core/simd/simd_store64_lane.wast -> build/wast-json/simd_simd_store64_lane.json
rc=0 third_party/spec/test/core/simd/simd_store8_lane.wast -> build/wast-json/simd_simd_store8_lane.json
SUMMARY ok=148 bad=0
INDEPENDENT_ENUM total=54006 assert_return=45734 module_type_text=1091 baseline_fail=52915
